
[BEGIN]	 7/20/2016 4:18:43 PM: ------------------------------------------------------------------------------------------

--[INFO]	 7/20/2016 4:18:43 PM: Update done.

[END]	 7/20/2016 4:18:43 PM: --

[BEGIN]	 7/20/2016 4:19:33 PM: ------------------------------------------------------------------------------------------

--[INFO]	 7/20/2016 4:19:33 PM: Update done.

[END]	 7/20/2016 4:19:33 PM: --

[BEGIN]	 7/20/2016 4:20:08 PM: ------------------------------------------------------------------------------------------

--[INFO]	 7/20/2016 4:20:49 PM: Update done.

[BEGIN]	 7/20/2016 4:21:21 PM: ------------------------------------------------------------------------------------------

[BEGIN]	 7/20/2016 4:31:08 PM: ------------------------------------------------------------------------------------------

--[INFO]	 7/20/2016 4:31:16 PM: Starting syncing Epics...

--[INFO]	 7/20/2016 4:31:17 PM: Getting vso work items...

--[INFO]	 7/20/2016 4:33:53 PM: Total new items to be created: 11724.

--[INFO]	 7/20/2016 4:35:46 PM: Items created.

--[INFO]	 7/20/2016 4:35:46 PM: Update done.

[END]	 7/20/2016 4:35:46 PM: --

[BEGIN]	 7/20/2016 4:44:57 PM: ------------------------------------------------------------------------------------------

--[INFO]	 7/20/2016 4:46:05 PM: Starting syncing Epics...

--[INFO]	 7/20/2016 4:46:21 PM: Getting vso work items...

--[INFO]	 7/20/2016 4:53:51 PM: Total new items to be created: 11725.

--[INFO]	 7/20/2016 5:00:25 PM: Items created.

--[INFO]	 7/20/2016 5:00:25 PM: Update done.

[END]	 7/20/2016 5:00:25 PM: --

[BEGIN]	 7/20/2016 5:06:58 PM: ------------------------------------------------------------------------------------------

--[INFO]	 7/20/2016 5:07:07 PM: Starting syncing Enabling Specifications...

--[INFO]	 7/20/2016 5:07:09 PM: Getting vso work items...

--[EXCEPTION]	 7/20/2016 5:17:35 PM: One or more errors occurred.

[BEGIN]	 7/20/2016 5:19:21 PM: ------------------------------------------------------------------------------------------

--[INFO]	 7/20/2016 5:19:23 PM: Starting syncing Enabling Specifications...

--[INFO]	 7/20/2016 5:19:23 PM: Getting vso work items...

[BEGIN]	 7/20/2016 5:51:05 PM: ------------------------------------------------------------------------------------------

--[INFO]	 7/20/2016 5:51:12 PM: Starting syncing Enabling Specifications...

--[INFO]	 7/20/2016 5:51:15 PM: Getting vso work items...

--[EXCEPTION]	 7/20/2016 6:00:43 PM: One or more errors occurred.

[BEGIN]	 7/21/2016 10:17:09 AM: ------------------------------------------------------------------------------------------

--[INFO]	 7/21/2016 10:17:33 AM: Starting syncing Epics...

--[INFO]	 7/21/2016 10:21:37 AM: Getting vso work items...

[BEGIN]	 7/21/2016 5:25:36 PM: ------------------------------------------------------------------------------------------

--[INFO]	 7/21/2016 5:25:40 PM: Starting syncing Epics...

--[INFO]	 7/21/2016 5:25:44 PM: Getting vso work items...

--[INFO]	 7/21/2016 5:31:39 PM: Total new items to be created: 11734.

[BEGIN]	 7/22/2016 9:54:32 AM: ------------------------------------------------------------------------------------------

--[INFO]	 7/22/2016 9:54:32 AM: Starting syncing Epics...

--[INFO]	 7/22/2016 9:54:32 AM: Getting vso work items...

--[INFO]	 7/22/2016 9:56:28 AM: Total new items to be created: 11740.

--[INFO]	 7/22/2016 9:59:29 AM: Items created.

--[INFO]	 7/22/2016 9:59:29 AM: Update done.

[END]	 7/22/2016 9:59:29 AM: --

[BEGIN]	 7/22/2016 1:53:21 PM: ------------------------------------------------------------------------------------------

--[INFO]	 7/22/2016 1:53:21 PM: Starting syncing Enabling Specifications...

--[INFO]	 7/22/2016 1:53:21 PM: Getting vso work items...

[BEGIN]	 7/22/2016 2:08:54 PM: ------------------------------------------------------------------------------------------

--[INFO]	 7/22/2016 2:08:54 PM: Starting syncing Epics...

--[INFO]	 7/22/2016 2:08:54 PM: Getting vso work items...

[BEGIN]	 7/22/2016 2:09:05 PM: ------------------------------------------------------------------------------------------

--[INFO]	 7/22/2016 2:09:05 PM: Starting syncing Epics...

--[INFO]	 7/22/2016 2:09:05 PM: Getting vso work items...

--[INFO]	 7/22/2016 2:10:40 PM: Total new items to be created: 11740.

--[INFO]	 7/22/2016 2:12:51 PM: Items created.

--[INFO]	 7/22/2016 2:12:51 PM: Update done.

[END]	 7/22/2016 2:12:51 PM: --
