
[BEGIN]	 5/23/2016 11:23:18 AM: ------------------------------------------------------------------------------------------

--[INFO]	 5/23/2016 11:23:23 AM: Querying VSO....

--[INFO]	 5/23/2016 11:43:08 AM: Total valid VSO item Found: 746.

[END]	 5/23/2016 11:43:08 AM: --

[BEGIN]	 5/23/2016 11:45:44 AM: ------------------------------------------------------------------------------------------

--[INFO]	 5/23/2016 11:45:44 AM: Querying VSO....

[BEGIN]	 5/23/2016 11:52:50 AM: ------------------------------------------------------------------------------------------

--[INFO]	 5/23/2016 11:52:53 AM: Querying VSO....

[BEGIN]	 5/23/2016 12:13:05 PM: ------------------------------------------------------------------------------------------

--[INFO]	 5/23/2016 12:13:05 PM: Querying VSO....

--[INFO]	 5/23/2016 12:13:56 PM: Total valid VSO item Found: 758.

[END]	 5/23/2016 12:13:56 PM: --

[BEGIN]	 5/23/2016 12:14:20 PM: ------------------------------------------------------------------------------------------

--[INFO]	 5/23/2016 12:14:20 PM: Querying VSO....

[BEGIN]	 5/23/2016 2:54:03 PM: ------------------------------------------------------------------------------------------

--[INFO]	 5/23/2016 2:54:03 PM: Querying VSO....

[BEGIN]	 5/23/2016 2:54:34 PM: ------------------------------------------------------------------------------------------

--[INFO]	 5/23/2016 2:54:35 PM: Querying VSO....

[BEGIN]	 7/11/2016 2:10:00 PM: ------------------------------------------------------------------------------------------

[BEGIN]	 7/11/2016 2:11:06 PM: ------------------------------------------------------------------------------------------

--[INFO]	 7/11/2016 2:11:27 PM: Querying Test plans....

--[INFO]	 7/11/2016 2:24:32 PM: Updating db.....Item updated: 1, item created: 0.

[END]	 7/11/2016 2:24:32 PM: --

[BEGIN]	 7/11/2016 2:55:40 PM: ------------------------------------------------------------------------------------------

--[INFO]	 7/11/2016 2:55:47 PM: Querying Test plans....

--[INFO]	 7/11/2016 2:57:48 PM: Updating db.....Item updated: 1, item created: 0.

[END]	 7/11/2016 2:57:48 PM: --

[BEGIN]	 7/11/2016 2:58:43 PM: ------------------------------------------------------------------------------------------

--[INFO]	 7/11/2016 2:58:49 PM: Querying Test plans....

--[INFO]	 7/11/2016 3:00:10 PM: Updating db.....Item updated: 1, item created: 0.

[END]	 7/11/2016 3:00:10 PM: --

[BEGIN]	 7/14/2016 11:24:17 AM: ------------------------------------------------------------------------------------------

--[INFO]	 7/14/2016 11:24:17 AM: Querying Epics....

--[INFO]	 7/14/2016 11:24:44 AM: Total valid VSO item Found: 1122.

[BEGIN]	 7/14/2016 11:33:11 AM: ------------------------------------------------------------------------------------------

--[INFO]	 7/14/2016 11:33:11 AM: Querying Epics....

--[INFO]	 7/14/2016 11:33:43 AM: Total valid VSO item Found: 1122.

[BEGIN]	 7/14/2016 2:34:43 PM: ------------------------------------------------------------------------------------------

--[INFO]	 7/14/2016 2:34:43 PM: Querying Epics....

[BEGIN]	 7/14/2016 3:45:26 PM: ------------------------------------------------------------------------------------------

--[INFO]	 7/14/2016 3:45:26 PM: Querying Epics....

--[INFO]	 7/14/2016 3:45:44 PM: Total valid VSO item Found: 1124.

[BEGIN]	 7/14/2016 5:13:20 PM: ------------------------------------------------------------------------------------------

--[INFO]	 7/14/2016 5:13:20 PM: Querying Epics....

--[INFO]	 7/14/2016 5:14:59 PM: Total valid VSO item Found: 1125.

--[INFO]	 7/14/2016 5:18:47 PM: Updating db.....Item updated: 1, item created: 0.

--[INFO]	 7/14/2016 5:18:53 PM: Querying Test plans....

--[INFO]	 7/14/2016 5:19:36 PM: Updating db.....Item updated: 0, item created: 0.

[END]	 7/14/2016 5:19:36 PM: --

[BEGIN]	 7/14/2016 5:24:34 PM: ------------------------------------------------------------------------------------------

--[INFO]	 7/14/2016 5:24:34 PM: Querying Epics....

--[INFO]	 7/14/2016 5:25:37 PM: Total valid VSO item Found: 1125.

--[INFO]	 7/14/2016 5:26:48 PM: Updating db.....Item updated: 1, item created: 0.

--[INFO]	 7/14/2016 5:26:48 PM: Querying Test plans....

--[INFO]	 7/14/2016 5:27:16 PM: Updating db.....Item updated: 0, item created: 0.

[END]	 7/14/2016 5:27:16 PM: --

[BEGIN]	 7/14/2016 5:28:12 PM: ------------------------------------------------------------------------------------------

--[INFO]	 7/14/2016 5:28:12 PM: Querying Epics....

--[INFO]	 7/14/2016 5:29:10 PM: Total valid VSO item Found: 1125.

[BEGIN]	 7/14/2016 5:58:49 PM: ------------------------------------------------------------------------------------------

--[INFO]	 7/14/2016 5:58:49 PM: Querying Epics....

--[INFO]	 7/14/2016 5:59:18 PM: Total valid VSO item Found: 1125.

--[EXCEPTION]	 7/14/2016 6:03:06 PM: Member 'IsModified' cannot be called for property 'Vso_Tags' on entity of type 'Release' because the property is not part of the Entity Data Model.

[BEGIN]	 7/14/2016 6:09:51 PM: ------------------------------------------------------------------------------------------

--[INFO]	 7/14/2016 6:09:51 PM: Querying Epics....

--[INFO]	 7/14/2016 6:10:14 PM: Total valid VSO item Found: 1126.

--[INFO]	 7/14/2016 6:11:04 PM: Updating db.....Item updated: 0, item created: 1.

--[INFO]	 7/14/2016 6:11:04 PM: Querying Test plans....

--[INFO]	 7/14/2016 6:12:02 PM: Updating db.....Item updated: 0, item created: 0.

[END]	 7/14/2016 6:12:02 PM: --

[BEGIN]	 7/14/2016 6:24:19 PM: ------------------------------------------------------------------------------------------

--[INFO]	 7/14/2016 6:24:19 PM: Querying Epics....

--[INFO]	 7/14/2016 6:24:46 PM: Total valid VSO item Found: 1126.

--[INFO]	 7/14/2016 6:25:00 PM: Updating db.....Item updated: 0, item created: 0.

--[INFO]	 7/14/2016 6:25:00 PM: Querying Test plans....

--[INFO]	 7/14/2016 6:25:57 PM: Updating db.....Item updated: 0, item created: 0.

[END]	 7/14/2016 6:25:57 PM: --

[BEGIN]	 7/15/2016 10:10:58 AM: ------------------------------------------------------------------------------------------

--[INFO]	 7/15/2016 10:10:58 AM: Querying Epics....

--[INFO]	 7/15/2016 10:11:17 AM: Total valid VSO item Found: 1130.

--[INFO]	 7/15/2016 10:11:22 AM: Updating db.....Item updated: 0, item created: 1.

--[INFO]	 7/15/2016 10:11:22 AM: Querying Test plans....

--[INFO]	 7/15/2016 10:11:47 AM: Updating db.....Item updated: 0, item created: 0.

[END]	 7/15/2016 10:11:47 AM: --

[BEGIN]	 7/15/2016 10:22:13 AM: ------------------------------------------------------------------------------------------

--[INFO]	 7/15/2016 10:22:13 AM: Querying Epics....

--[INFO]	 7/15/2016 10:22:35 AM: Total valid VSO item Found: 1130.

--[INFO]	 7/15/2016 10:29:05 AM: Updating db.....Item updated: 1081, item created: 0.

--[INFO]	 7/15/2016 10:29:05 AM: Querying Test plans....

--[INFO]	 7/15/2016 10:29:49 AM: Updating db.....Item updated: 1, item created: 0.

[END]	 7/15/2016 10:29:49 AM: --

[BEGIN]	 7/15/2016 10:51:55 AM: ------------------------------------------------------------------------------------------

--[INFO]	 7/15/2016 10:51:56 AM: Querying Epics....

--[INFO]	 7/15/2016 10:52:16 AM: Total valid VSO item Found: 1130.

--[INFO]	 7/15/2016 10:52:22 AM: Updating db.....Item updated: 1, item created: 0.

--[INFO]	 7/15/2016 10:52:22 AM: Querying Test plans....

--[INFO]	 7/15/2016 10:53:04 AM: Updating db.....Item updated: 0, item created: 0.

[END]	 7/15/2016 10:53:04 AM: --

[BEGIN]	 7/15/2016 11:07:35 AM: ------------------------------------------------------------------------------------------

--[INFO]	 7/15/2016 11:07:35 AM: Querying Epics....

--[INFO]	 7/15/2016 11:08:00 AM: Total valid VSO item Found: 1130.

--[INFO]	 7/15/2016 11:08:04 AM: Updating db.....Item updated: 1, item created: 0.

--[INFO]	 7/15/2016 11:08:04 AM: Querying Test plans....

--[INFO]	 7/15/2016 11:08:42 AM: Updating db.....Item updated: 0, item created: 0.

[END]	 7/15/2016 11:08:42 AM: --

[BEGIN]	 7/18/2016 11:10:21 AM: ------------------------------------------------------------------------------------------

--[INFO]	 7/18/2016 11:10:21 AM: Querying Epics....

--[EXCEPTION]	 7/18/2016 11:10:33 AM: String reference not set to an instance of a String.
Parameter name: s

[BEGIN]	 7/18/2016 11:11:58 AM: ------------------------------------------------------------------------------------------

--[INFO]	 7/18/2016 11:11:58 AM: Querying Epics....

--[EXCEPTION]	 7/18/2016 11:12:45 AM: String reference not set to an instance of a String.
Parameter name: s

[BEGIN]	 7/18/2016 11:31:58 AM: ------------------------------------------------------------------------------------------

--[INFO]	 7/18/2016 11:31:58 AM: Querying Epics....

--[EXCEPTION]	 7/18/2016 11:32:07 AM: String reference not set to an instance of a String.
Parameter name: s

[BEGIN]	 7/18/2016 11:32:58 AM: ------------------------------------------------------------------------------------------

--[INFO]	 7/18/2016 11:32:58 AM: Querying Epics....

--[EXCEPTION]	 7/18/2016 11:33:07 AM: String reference not set to an instance of a String.
Parameter name: s

[BEGIN]	 7/18/2016 11:34:39 AM: ------------------------------------------------------------------------------------------

--[INFO]	 7/18/2016 11:34:39 AM: Querying Epics....

[BEGIN]	 7/18/2016 11:38:01 AM: ------------------------------------------------------------------------------------------

--[INFO]	 7/18/2016 11:38:01 AM: Querying Epics....

[BEGIN]	 7/18/2016 11:42:49 AM: ------------------------------------------------------------------------------------------

--[INFO]	 7/18/2016 11:42:49 AM: Querying Epics....

[BEGIN]	 7/18/2016 11:47:21 AM: ------------------------------------------------------------------------------------------

--[INFO]	 7/18/2016 11:47:21 AM: Querying Epics....

--[INFO]	 7/18/2016 11:48:02 AM: Total valid VSO item Found: 1141.

--[INFO]	 7/18/2016 11:54:59 AM: Updating db.....Item updated: 1092, item created: 0.

--[INFO]	 7/18/2016 11:54:59 AM: Querying Test plans....

--[INFO]	 7/18/2016 11:55:27 AM: Updating db.....Item updated: 0, item created: 0.

[END]	 7/18/2016 11:55:27 AM: --

[BEGIN]	 7/18/2016 12:00:28 PM: ------------------------------------------------------------------------------------------

--[INFO]	 7/18/2016 12:00:29 PM: Querying Epics....

--[INFO]	 7/18/2016 12:00:48 PM: Total valid VSO item Found: 1142.

--[INFO]	 7/18/2016 12:02:16 PM: Updating db.....Item updated: 0, item created: 1.

--[INFO]	 7/18/2016 12:02:16 PM: Querying Test plans....

--[INFO]	 7/18/2016 12:02:44 PM: Updating db.....Item updated: 0, item created: 0.

[END]	 7/18/2016 12:02:44 PM: --

[BEGIN]	 7/18/2016 4:37:56 PM: ------------------------------------------------------------------------------------------

--[INFO]	 7/18/2016 4:37:56 PM: Querying Epics....

--[INFO]	 7/18/2016 4:38:24 PM: Total valid VSO item Found: 1146.

--[INFO]	 7/18/2016 4:44:28 PM: Updating db.....Item updated: 1097, item created: 0.

--[INFO]	 7/18/2016 4:44:28 PM: Querying Test plans....

--[INFO]	 7/18/2016 4:45:21 PM: Updating db.....Item updated: 0, item created: 0.

[END]	 7/18/2016 4:45:21 PM: --
